2024-01-28 23:21:09 -  - exec CUpdateClientPartner::__CollectRequestData
2024-01-28 23:21:09 -  - exec CUpdateClientPartner::GetHTTPPage
2024-01-28 23:21:10 -  - exec CUpdateClientPartner::ParseServerData
2024-01-28 23:21:10 -  - exec CUpdateClientPartner::GetUpdatesList
2024-01-28 23:21:10 -  - exec CUpdateClientPartner::__CollectRequestData
2024-01-28 23:21:10 -  - utf=Y&lang=ru&stable=Y&CANGZIP=Y&SUPD_DBS=MYSQL&XE=N&CLIENT_SITE=bitri&LICENSE_KEY=X&SUPD_STS=1&SUPD_URS=1&TYPENC=D&CLIENT_PHPVER=8.1.9&NGINX=Y&dbv=8.0.32&instm=main%2C23.300.100%2CY%3Bb24connector%2C22.0.0%2CN%3Bbitrix.sitecorporate%2C15.5.0%2CN%3Bbitrixcloud%2C22.100.0%2CN%3Bclouds%2C23.0.0%2CN%3Bfileman%2C22.300.0%2CN%3Bhighloadblock%2C22.200.0%2CN%3Biblock%2C23.100.0%2CN%3Blanding%2C23.600.150%2CN%3Blocation%2C23.0.0%2CN%3Bmessageservice%2C23.0.0%2CN%3Bperfmon%2C21.0.0%2CN%3Brest%2C23.100.0%2CN%3Bsearch%2C22.100.0%2CN%3Bseo%2C23.200.0%2CN%3Bsocialservices%2C22.200.400%2CN%3Btranslate%2C23.200.0%2CN%3Bui%2C22.1600.0%2CN&reqm=bitrix.sitecorporate&fullmoduleinfo=Y&SUPD_SRS=RU&SUPD_CMP=N
2024-01-28 23:21:10 -  - exec CUpdateClientPartner::GetHTTPPage
2024-01-28 23:21:10 -  - TIME GetUpdatesList(request) 0.148 sec
2024-01-28 23:21:10 -  - exec CUpdateClientPartner::ParseServerData
2024-01-28 23:21:10 -  - exec CUpdateClientPartner::__CollectRequestData
2024-01-28 23:21:10 -  - exec CUpdateClientPartner::GetHTTPPage
2024-01-28 23:21:10 -  - exec CUpdateClientPartner::ParseServerData
2024-01-30 09:19:25 -  - exec CUpdateClientPartner::__CollectRequestData
2024-01-30 09:19:25 -  - exec CUpdateClientPartner::GetHTTPPage
2024-01-30 09:19:27 -  - exec CUpdateClientPartner::ParseServerData
2024-01-30 09:19:27 -  - exec CUpdateClientPartner::GetUpdatesList
2024-01-30 09:19:27 -  - exec CUpdateClientPartner::__CollectRequestData
2024-01-30 09:19:27 -  - utf=Y&lang=ru&stable=Y&CANGZIP=Y&SUPD_DBS=MYSQL&XE=N&CLIENT_SITE=bitri&LICENSE_KEY=X&SUPD_STS=1&SUPD_URS=1&TYPENC=D&CLIENT_PHPVER=8.1.9&NGINX=Y&dbv=8.0.32&instm=main%2C23.300.100%2CY%3Bb24connector%2C22.0.0%2CN%3Bbitrix.sitecorporate%2C15.5.0%2CN%3Bbitrixcloud%2C22.100.0%2CN%3Bclouds%2C23.0.0%2CN%3Bfileman%2C22.300.0%2CN%3Bhighloadblock%2C22.200.0%2CN%3Biblock%2C23.100.0%2CN%3Blanding%2C23.600.150%2CN%3Blocation%2C23.0.0%2CN%3Bmessageservice%2C23.0.0%2CN%3Bperfmon%2C21.0.0%2CN%3Brest%2C23.100.0%2CN%3Bsearch%2C22.100.0%2CN%3Bseo%2C23.200.0%2CN%3Bsocialservices%2C22.200.400%2CN%3Btranslate%2C23.200.0%2CN%3Bui%2C22.1600.0%2CN&reqm=bitrix.sitecorporate&fullmoduleinfo=Y&SUPD_SRS=RU&SUPD_CMP=N
2024-01-30 09:19:27 -  - exec CUpdateClientPartner::GetHTTPPage
2024-01-30 09:19:27 -  - TIME GetUpdatesList(request) 0.152 sec
2024-01-30 09:19:27 -  - exec CUpdateClientPartner::ParseServerData
2024-01-30 09:19:27 -  - exec CUpdateClientPartner::__CollectRequestData
2024-01-30 09:19:27 -  - exec CUpdateClientPartner::GetHTTPPage
2024-01-30 09:19:27 -  - exec CUpdateClientPartner::ParseServerData
2024-02-02 19:26:32 -  - exec CUpdateClientPartner::__CollectRequestData
2024-02-02 19:26:32 -  - exec CUpdateClientPartner::GetHTTPPage
2024-02-02 19:26:32 -  - exec CUpdateClientPartner::ParseServerData
2024-02-02 19:26:32 -  - exec CUpdateClientPartner::GetUpdatesList
2024-02-02 19:26:32 -  - exec CUpdateClientPartner::__CollectRequestData
2024-02-02 19:26:32 -  - utf=Y&lang=ru&stable=Y&CANGZIP=Y&SUPD_DBS=MYSQL&XE=N&CLIENT_SITE=bitri&LICENSE_KEY=X&SUPD_STS=1&SUPD_URS=1&TYPENC=D&CLIENT_PHPVER=8.1.9&NGINX=Y&dbv=8.0.32&instm=main%2C23.300.100%2CY%3Bb24connector%2C22.0.0%2CN%3Bbitrix.sitecorporate%2C15.5.0%2CN%3Bbitrixcloud%2C22.100.0%2CN%3Bclouds%2C23.0.0%2CN%3Bfileman%2C22.300.0%2CN%3Bhighloadblock%2C22.200.0%2CN%3Biblock%2C23.100.0%2CN%3Blanding%2C23.600.150%2CN%3Blocation%2C23.0.0%2CN%3Bmessageservice%2C23.0.0%2CN%3Bperfmon%2C21.0.0%2CN%3Brest%2C23.100.0%2CN%3Bsearch%2C22.100.0%2CN%3Bseo%2C23.200.0%2CN%3Bsocialservices%2C22.200.400%2CN%3Btranslate%2C23.200.0%2CN%3Bui%2C22.1600.0%2CN&reqm=bitrix.sitecorporate&fullmoduleinfo=Y&SUPD_SRS=RU&SUPD_CMP=N
2024-02-02 19:26:32 -  - exec CUpdateClientPartner::GetHTTPPage
2024-02-02 19:26:33 -  - TIME GetUpdatesList(request) 0.152 sec
2024-02-02 19:26:33 -  - exec CUpdateClientPartner::ParseServerData
2024-02-02 19:26:33 -  - exec CUpdateClientPartner::__CollectRequestData
2024-02-02 19:26:33 -  - exec CUpdateClientPartner::GetHTTPPage
2024-02-02 19:26:33 -  - exec CUpdateClientPartner::ParseServerData
2024-02-09 20:04:22 -  - exec CUpdateClientPartner::__CollectRequestData
2024-02-09 20:04:22 -  - exec CUpdateClientPartner::GetHTTPPage
2024-02-09 20:04:23 -  - exec CUpdateClientPartner::ParseServerData
2024-02-09 20:04:23 -  - exec CUpdateClientPartner::GetUpdatesList
2024-02-09 20:04:23 -  - exec CUpdateClientPartner::__CollectRequestData
2024-02-09 20:04:23 -  - utf=Y&lang=ru&stable=Y&CANGZIP=Y&SUPD_DBS=MYSQL&XE=N&CLIENT_SITE=bitri&LICENSE_KEY=X&SUPD_STS=1&SUPD_URS=1&TYPENC=D&CLIENT_PHPVER=8.1.9&NGINX=Y&dbv=8.0.32&instm=main%2C23.300.100%2CY%3Bb24connector%2C22.0.0%2CN%3Bbitrix.sitecorporate%2C15.5.0%2CN%3Bbitrixcloud%2C22.100.0%2CN%3Bclouds%2C23.0.0%2CN%3Bfileman%2C22.300.0%2CN%3Bhighloadblock%2C22.200.0%2CN%3Biblock%2C23.100.0%2CN%3Blanding%2C23.600.150%2CN%3Blocation%2C23.0.0%2CN%3Bmessageservice%2C23.0.0%2CN%3Bperfmon%2C21.0.0%2CN%3Brest%2C23.100.0%2CN%3Bsearch%2C22.100.0%2CN%3Bseo%2C23.200.0%2CN%3Bsocialservices%2C22.200.400%2CN%3Btranslate%2C23.200.0%2CN%3Bui%2C22.1600.0%2CN&reqm=bitrix.sitecorporate&fullmoduleinfo=Y&SUPD_SRS=RU&SUPD_CMP=N
2024-02-09 20:04:23 -  - exec CUpdateClientPartner::GetHTTPPage
2024-02-09 20:04:23 -  - TIME GetUpdatesList(request) 0.154 sec
2024-02-09 20:04:23 -  - exec CUpdateClientPartner::ParseServerData
2024-02-09 20:04:23 -  - exec CUpdateClientPartner::__CollectRequestData
2024-02-09 20:04:23 -  - exec CUpdateClientPartner::GetHTTPPage
2024-02-09 20:04:23 -  - exec CUpdateClientPartner::ParseServerData
2024-02-12 15:31:21 -  - exec CUpdateClientPartner::__CollectRequestData
2024-02-12 15:31:21 -  - exec CUpdateClientPartner::GetHTTPPage
2024-02-12 15:31:22 -  - exec CUpdateClientPartner::ParseServerData
2024-02-12 15:31:22 -  - exec CUpdateClientPartner::GetUpdatesList
2024-02-12 15:31:22 -  - exec CUpdateClientPartner::__CollectRequestData
2024-02-12 15:31:22 -  - utf=Y&lang=ru&stable=Y&CANGZIP=Y&SUPD_DBS=MYSQL&XE=N&CLIENT_SITE=bitri&LICENSE_KEY=X&SUPD_STS=1&SUPD_URS=1&TYPENC=D&CLIENT_PHPVER=8.1.9&NGINX=Y&dbv=8.0.32&instm=main%2C23.300.100%2CY%3Bb24connector%2C22.0.0%2CN%3Bbitrix.sitecorporate%2C15.5.0%2CN%3Bbitrixcloud%2C22.100.0%2CN%3Bclouds%2C23.0.0%2CN%3Bfileman%2C22.300.0%2CN%3Bhighloadblock%2C22.200.0%2CN%3Biblock%2C23.100.0%2CN%3Blanding%2C23.600.150%2CN%3Blocation%2C23.0.0%2CN%3Bmessageservice%2C23.0.0%2CN%3Bperfmon%2C21.0.0%2CN%3Brest%2C23.100.0%2CN%3Bsearch%2C22.100.0%2CN%3Bseo%2C23.200.0%2CN%3Bsocialservices%2C22.200.400%2CN%3Btranslate%2C23.200.0%2CN%3Bui%2C22.1600.0%2CN&reqm=bitrix.sitecorporate&fullmoduleinfo=Y&SUPD_SRS=RU&SUPD_CMP=N
2024-02-12 15:31:22 -  - exec CUpdateClientPartner::GetHTTPPage
2024-02-12 15:31:22 -  - TIME GetUpdatesList(request) 0.154 sec
2024-02-12 15:31:22 -  - exec CUpdateClientPartner::ParseServerData
2024-02-12 15:31:22 -  - exec CUpdateClientPartner::__CollectRequestData
2024-02-12 15:31:22 -  - exec CUpdateClientPartner::GetHTTPPage
2024-02-12 15:31:22 -  - exec CUpdateClientPartner::ParseServerData
2024-02-13 18:42:05 -  - exec CUpdateClientPartner::__CollectRequestData
2024-02-13 18:42:05 -  - exec CUpdateClientPartner::GetHTTPPage
2024-02-13 18:42:06 -  - exec CUpdateClientPartner::ParseServerData
2024-02-13 18:42:06 -  - exec CUpdateClientPartner::GetUpdatesList
2024-02-13 18:42:06 -  - exec CUpdateClientPartner::__CollectRequestData
2024-02-13 18:42:06 -  - utf=Y&lang=ru&stable=Y&CANGZIP=Y&SUPD_DBS=MYSQL&XE=N&CLIENT_SITE=bitri&LICENSE_KEY=X&SUPD_STS=1&SUPD_URS=1&TYPENC=D&CLIENT_PHPVER=8.1.9&NGINX=Y&dbv=8.0.32&instm=main%2C23.300.100%2CY%3Bb24connector%2C22.0.0%2CN%3Bbitrix.sitecorporate%2C15.5.0%2CN%3Bbitrixcloud%2C22.100.0%2CN%3Bclouds%2C23.0.0%2CN%3Bfileman%2C22.300.0%2CN%3Bhighloadblock%2C22.200.0%2CN%3Biblock%2C23.100.0%2CN%3Blanding%2C23.600.150%2CN%3Blocation%2C23.0.0%2CN%3Bmessageservice%2C23.0.0%2CN%3Bperfmon%2C21.0.0%2CN%3Brest%2C23.100.0%2CN%3Bsearch%2C22.100.0%2CN%3Bseo%2C23.200.0%2CN%3Bsocialservices%2C22.200.400%2CN%3Btranslate%2C23.200.0%2CN%3Bui%2C22.1600.0%2CN&reqm=bitrix.sitecorporate&fullmoduleinfo=Y&SUPD_SRS=RU&SUPD_CMP=N
2024-02-13 18:42:06 -  - exec CUpdateClientPartner::GetHTTPPage
2024-02-13 18:42:06 -  - TIME GetUpdatesList(request) 0.146 sec
2024-02-13 18:42:06 -  - exec CUpdateClientPartner::ParseServerData
2024-02-13 18:42:06 -  - exec CUpdateClientPartner::__CollectRequestData
2024-02-13 18:42:06 -  - exec CUpdateClientPartner::GetHTTPPage
2024-02-13 18:42:06 -  - exec CUpdateClientPartner::ParseServerData
2024-02-14 21:06:21 -  - exec CUpdateClientPartner::__CollectRequestData
2024-02-14 21:06:21 -  - exec CUpdateClientPartner::GetHTTPPage
2024-02-14 21:06:23 -  - exec CUpdateClientPartner::ParseServerData
2024-02-14 21:06:23 -  - exec CUpdateClientPartner::GetUpdatesList
2024-02-14 21:06:23 -  - exec CUpdateClientPartner::__CollectRequestData
2024-02-14 21:06:23 -  - utf=Y&lang=ru&stable=Y&CANGZIP=Y&SUPD_DBS=MYSQL&XE=N&CLIENT_SITE=bitri&LICENSE_KEY=X&SUPD_STS=1&SUPD_URS=1&TYPENC=D&CLIENT_PHPVER=8.1.9&NGINX=Y&dbv=8.0.32&instm=main%2C23.300.100%2CY%3Bb24connector%2C22.0.0%2CN%3Bbitrix.sitecorporate%2C15.5.0%2CN%3Bbitrixcloud%2C22.100.0%2CN%3Bclouds%2C23.0.0%2CN%3Bfileman%2C22.300.0%2CN%3Bhighloadblock%2C22.200.0%2CN%3Biblock%2C23.100.0%2CN%3Blanding%2C23.600.150%2CN%3Blocation%2C23.0.0%2CN%3Bmessageservice%2C23.0.0%2CN%3Bperfmon%2C21.0.0%2CN%3Brest%2C23.100.0%2CN%3Bsearch%2C22.100.0%2CN%3Bseo%2C23.200.0%2CN%3Bsocialservices%2C22.200.400%2CN%3Btranslate%2C23.200.0%2CN%3Bui%2C22.1600.0%2CN&reqm=bitrix.sitecorporate&fullmoduleinfo=Y&SUPD_SRS=RU&SUPD_CMP=N
2024-02-14 21:06:23 -  - exec CUpdateClientPartner::GetHTTPPage
2024-02-14 21:06:23 -  - TIME GetUpdatesList(request) 0.156 sec
2024-02-14 21:06:23 -  - exec CUpdateClientPartner::ParseServerData
2024-02-14 21:06:23 -  - exec CUpdateClientPartner::__CollectRequestData
2024-02-14 21:06:23 -  - exec CUpdateClientPartner::GetHTTPPage
2024-02-14 21:06:23 -  - exec CUpdateClientPartner::ParseServerData
